D:\FACULTATE\ANUL III\SEMESTRUL I\EGC\LABORATOARE\LAB 6\LAB_GL_3_STUDENT\DEBUG\MAIN.OBJ
D:\FACULTATE\ANUL III\SEMESTRUL I\EGC\LABORATOARE\LAB 6\LAB_GL_3_STUDENT\DEBUG\VC110.PDB
D:\FACULTATE\ANUL III\SEMESTRUL I\EGC\LABORATOARE\LAB 6\LAB_GL_3_STUDENT\DEBUG\LAB_GL_3.ILK
D:\FACULTATE\ANUL III\SEMESTRUL I\EGC\LABORATOARE\LAB 6\LAB_GL_3_STUDENT\DEBUG\LAB_GL_3.EXE
D:\FACULTATE\ANUL III\SEMESTRUL I\EGC\LABORATOARE\LAB 6\LAB_GL_3_STUDENT\DEBUG\LAB_GL_3.PDB
C:\Users\papaflorin\Desktop\lab_gl_3_student\Debug\main.obj
C:\Users\papaflorin\Desktop\lab_gl_3_student\Debug\lab_gl_3.ilk
C:\Users\papaflorin\Desktop\lab_gl_3_student\Debug\cl.command.1.tlog
C:\Users\papaflorin\Desktop\lab_gl_3_student\Debug\CL.read.1.tlog
C:\Users\papaflorin\Desktop\lab_gl_3_student\Debug\CL.write.1.tlog
C:\Users\papaflorin\Desktop\lab_gl_3_student\Debug\link-cvtres.read.1.tlog
C:\Users\papaflorin\Desktop\lab_gl_3_student\Debug\link-cvtres.write.1.tlog
C:\Users\papaflorin\Desktop\lab_gl_3_student\Debug\link-rc.read.1.tlog
C:\Users\papaflorin\Desktop\lab_gl_3_student\Debug\link-rc.write.1.tlog
C:\Users\papaflorin\Desktop\lab_gl_3_student\Debug\link.6636-cvtres.read.1.tlog
C:\Users\papaflorin\Desktop\lab_gl_3_student\Debug\link.6636-cvtres.write.1.tlog
C:\Users\papaflorin\Desktop\lab_gl_3_student\Debug\link.6636-rc.read.1.tlog
C:\Users\papaflorin\Desktop\lab_gl_3_student\Debug\link.6636-rc.write.1.tlog
C:\Users\papaflorin\Desktop\lab_gl_3_student\Debug\link.6636.read.1.tlog
C:\Users\papaflorin\Desktop\lab_gl_3_student\Debug\link.6636.write.1.tlog
C:\Users\papaflorin\Desktop\lab_gl_3_student\Debug\link.command.1.tlog
C:\Users\papaflorin\Desktop\lab_gl_3_student\Debug\link.read.1.tlog
C:\Users\papaflorin\Desktop\lab_gl_3_student\Debug\link.write.1.tlog
C:\Users\papaflorin\Desktop\lab_gl_3_student\Debug\vc110.idb
C:\Users\papaflorin\Desktop\lab_gl_3_student\Debug\lab_gl_3.pdb
C:\Users\papaflorin\Desktop\lab_gl_3_student\Debug\vc110.pdb
C:\Users\papaflorin\Desktop\lab_gl_3_student\Debug\lab_gl_3.exe
