C:\USERS\PAPAFLORIN\DESKTOP\LAB2_EX1\LAB2\DEBUG\DRAWINGWINDOW.OBJ
C:\USERS\PAPAFLORIN\DESKTOP\LAB2_EX1\LAB2\DEBUG\TRANSFORM2D.OBJ
C:\USERS\PAPAFLORIN\DESKTOP\LAB2_EX1\LAB2\DEBUG\VISUAL2D.OBJ
C:\USERS\PAPAFLORIN\DESKTOP\LAB2_EX1\LAB2\DEBUG\MAIN.OBJ
C:\USERS\PAPAFLORIN\DESKTOP\LAB2_EX1\LAB2\DEBUG\VC110.PDB
C:\USERS\PAPAFLORIN\DESKTOP\LAB2_EX1\DEBUG\LAB2.ILK
C:\USERS\PAPAFLORIN\DESKTOP\LAB2_EX1\DEBUG\LAB2.EXE
C:\USERS\PAPAFLORIN\DESKTOP\LAB2_EX1\DEBUG\LAB2.PDB
C:\Users\papaflorin\Desktop\lab2_ex1\lab2\Debug\DrawingWindow.obj
C:\Users\papaflorin\Desktop\lab2_ex1\lab2\Debug\main.obj
C:\Users\papaflorin\Desktop\lab2_ex1\lab2\Debug\Transform2D.obj
C:\Users\papaflorin\Desktop\lab2_ex1\lab2\Debug\Visual2D.obj
C:\Users\papaflorin\Desktop\lab2_ex1\lab2\Debug\cl.command.1.tlog
C:\Users\papaflorin\Desktop\lab2_ex1\lab2\Debug\CL.read.1.tlog
C:\Users\papaflorin\Desktop\lab2_ex1\lab2\Debug\CL.write.1.tlog
C:\Users\papaflorin\Desktop\lab2_ex1\lab2\Debug\link-cvtres.read.1.tlog
C:\Users\papaflorin\Desktop\lab2_ex1\lab2\Debug\link-cvtres.write.1.tlog
C:\Users\papaflorin\Desktop\lab2_ex1\lab2\Debug\link-rc.read.1.tlog
C:\Users\papaflorin\Desktop\lab2_ex1\lab2\Debug\link-rc.write.1.tlog
C:\Users\papaflorin\Desktop\lab2_ex1\lab2\Debug\link.1364-cvtres.read.1.tlog
C:\Users\papaflorin\Desktop\lab2_ex1\lab2\Debug\link.1364-cvtres.write.1.tlog
C:\Users\papaflorin\Desktop\lab2_ex1\lab2\Debug\link.1364-rc.read.1.tlog
C:\Users\papaflorin\Desktop\lab2_ex1\lab2\Debug\link.1364-rc.write.1.tlog
C:\Users\papaflorin\Desktop\lab2_ex1\lab2\Debug\link.1364.read.1.tlog
C:\Users\papaflorin\Desktop\lab2_ex1\lab2\Debug\link.1364.write.1.tlog
C:\Users\papaflorin\Desktop\lab2_ex1\lab2\Debug\link.4760-cvtres.read.1.tlog
C:\Users\papaflorin\Desktop\lab2_ex1\lab2\Debug\link.4760-cvtres.write.1.tlog
C:\Users\papaflorin\Desktop\lab2_ex1\lab2\Debug\link.4760-rc.read.1.tlog
C:\Users\papaflorin\Desktop\lab2_ex1\lab2\Debug\link.4760-rc.write.1.tlog
C:\Users\papaflorin\Desktop\lab2_ex1\lab2\Debug\link.4760.read.1.tlog
C:\Users\papaflorin\Desktop\lab2_ex1\lab2\Debug\link.4760.write.1.tlog
C:\Users\papaflorin\Desktop\lab2_ex1\lab2\Debug\link.68-cvtres.read.1.tlog
C:\Users\papaflorin\Desktop\lab2_ex1\lab2\Debug\link.68-cvtres.write.1.tlog
C:\Users\papaflorin\Desktop\lab2_ex1\lab2\Debug\link.68-rc.read.1.tlog
C:\Users\papaflorin\Desktop\lab2_ex1\lab2\Debug\link.68-rc.write.1.tlog
C:\Users\papaflorin\Desktop\lab2_ex1\lab2\Debug\link.68.read.1.tlog
C:\Users\papaflorin\Desktop\lab2_ex1\lab2\Debug\link.68.write.1.tlog
C:\Users\papaflorin\Desktop\lab2_ex1\lab2\Debug\link.7220-cvtres.read.1.tlog
C:\Users\papaflorin\Desktop\lab2_ex1\lab2\Debug\link.7220-cvtres.write.1.tlog
C:\Users\papaflorin\Desktop\lab2_ex1\lab2\Debug\link.7220-rc.read.1.tlog
C:\Users\papaflorin\Desktop\lab2_ex1\lab2\Debug\link.7220-rc.write.1.tlog
C:\Users\papaflorin\Desktop\lab2_ex1\lab2\Debug\link.7220.read.1.tlog
C:\Users\papaflorin\Desktop\lab2_ex1\lab2\Debug\link.7220.write.1.tlog
C:\Users\papaflorin\Desktop\lab2_ex1\lab2\Debug\link.7560-cvtres.read.1.tlog
C:\Users\papaflorin\Desktop\lab2_ex1\lab2\Debug\link.7560-cvtres.write.1.tlog
C:\Users\papaflorin\Desktop\lab2_ex1\lab2\Debug\link.7560-rc.read.1.tlog
C:\Users\papaflorin\Desktop\lab2_ex1\lab2\Debug\link.7560-rc.write.1.tlog
C:\Users\papaflorin\Desktop\lab2_ex1\lab2\Debug\link.7560.read.1.tlog
C:\Users\papaflorin\Desktop\lab2_ex1\lab2\Debug\link.7560.write.1.tlog
C:\Users\papaflorin\Desktop\lab2_ex1\lab2\Debug\link.780-cvtres.read.1.tlog
C:\Users\papaflorin\Desktop\lab2_ex1\lab2\Debug\link.780-cvtres.write.1.tlog
C:\Users\papaflorin\Desktop\lab2_ex1\lab2\Debug\link.780-rc.read.1.tlog
C:\Users\papaflorin\Desktop\lab2_ex1\lab2\Debug\link.780-rc.write.1.tlog
C:\Users\papaflorin\Desktop\lab2_ex1\lab2\Debug\link.780.read.1.tlog
C:\Users\papaflorin\Desktop\lab2_ex1\lab2\Debug\link.780.write.1.tlog
C:\Users\papaflorin\Desktop\lab2_ex1\lab2\Debug\link.command.1.tlog
C:\Users\papaflorin\Desktop\lab2_ex1\lab2\Debug\link.read.1.tlog
C:\Users\papaflorin\Desktop\lab2_ex1\lab2\Debug\link.write.1.tlog
C:\Users\papaflorin\Desktop\lab2_ex1\lab2\Debug\vc110.idb
C:\Users\papaflorin\Desktop\lab2_ex1\lab2\Debug\vc110.pdb
C:\Users\papaflorin\Desktop\lab2_ex1\Debug\lab2.pdb
C:\Users\papaflorin\Desktop\lab2_ex1\Debug\lab2.exe
C:\Users\papaflorin\Desktop\lab2_ex1\Debug\lab2.ilk
