Build started 1/11/2014 6:38:23 PM.
     1>Project "C:\Users\papaflorin\Desktop\tema4_EGC_Papa_Florin_334CA\tema4_EGC_Papa_Florin_334CA\lab_gl_5.vcxproj" on node 2 (Build target(s)).
     1>PreBuildEvent:
         copy C:\Users\papaflorin\Desktop\tema4_EGC_Papa_Florin_334CA\tema4_EGC_Papa_Florin_334CA\dependente\freeglut\freeglut.dll C:\Users\papaflorin\Desktop\tema4_EGC_Papa_Florin_334CA\tema4_EGC_Papa_Florin_334CA\Debug
         copy C:\Users\papaflorin\Desktop\tema4_EGC_Papa_Florin_334CA\tema4_EGC_Papa_Florin_334CA\dependente\glew\glew32.dll C:\Users\papaflorin\Desktop\tema4_EGC_Papa_Florin_334CA\tema4_EGC_Papa_Florin_334CA\Debug
         
         :VCEnd
                 1 file(s) copied.
                 1 file(s) copied.
       ClCompile:
         C:\Program Files\Microsoft Visual Studio 11.0\VC\bin\CL.exe /c /ZI /nologo /W3 /WX- /Od /Oy- /D _MBCS /Gm /EHsc /RTC1 /MDd /GS /fp:precise /Zc:wchar_t /Zc:forScope /Fo"Debug\\" /Fd"Debug\vc110.pdb" /Gd /TP /analyze- /errorReport:prompt main.cpp
         main.cpp
     1>c:\users\papaflorin\desktop\tema4_egc_papa_florin_334ca\tema4_egc_papa_florin_334ca\main.cpp(83): warning C4305: '=' : truncation from 'double' to 'float'
     1>c:\users\papaflorin\desktop\tema4_egc_papa_florin_334ca\tema4_egc_papa_florin_334ca\main.cpp(110): warning C4244: 'argument' : conversion from 'time_t' to 'unsigned int', possible loss of data
     1>c:\users\papaflorin\desktop\tema4_egc_papa_florin_334ca\tema4_egc_papa_florin_334ca\main.cpp(112): warning C4244: '=' : conversion from 'int' to 'float', possible loss of data
     1>c:\users\papaflorin\desktop\tema4_egc_papa_florin_334ca\tema4_egc_papa_florin_334ca\main.cpp(113): warning C4244: '=' : conversion from 'int' to 'float', possible loss of data
     1>c:\users\papaflorin\desktop\tema4_egc_papa_florin_334ca\tema4_egc_papa_florin_334ca\main.cpp(141): warning C4244: '=' : conversion from 'double' to 'float', possible loss of data
     1>c:\users\papaflorin\desktop\tema4_egc_papa_florin_334ca\tema4_egc_papa_florin_334ca\main.cpp(192): warning C4244: 'argument' : conversion from 'time_t' to 'unsigned int', possible loss of data
       Link:
         C:\Program Files\Microsoft Visual Studio 11.0\VC\bin\link.exe /ERRORREPORT:PROMPT /OUT:"Debug\tema4_EGC.exe" /INCREMENTAL /NOLOGO /LIBPATH:dependente\freeglut /LIBPATH:dependente\glew opengl32.lib freeglut.lib glew32.lib kernel32.lib user32.lib gdi32.lib winspool.lib comdlg32.lib advapi32.lib shell32.lib ole32.lib oleaut32.lib uuid.lib odbc32.lib odbccp32.lib /MANIFEST /MANIFESTUAC:"level='asInvoker' uiAccess='false'" /manifest:embed /DEBUG /PDB:"Debug\tema4_EGC.pdb" /TLBID:1 /DYNAMICBASE /NXCOMPAT /IMPLIB:"Debug\tema4_EGC.lib" /MACHINE:X86 Debug\main.obj
         lab_gl_5.vcxproj -> C:\Users\papaflorin\Desktop\tema4_EGC_Papa_Florin_334CA\tema4_EGC_Papa_Florin_334CA\Debug\tema4_EGC.exe
     1>Done Building Project "C:\Users\papaflorin\Desktop\tema4_EGC_Papa_Florin_334CA\tema4_EGC_Papa_Florin_334CA\lab_gl_5.vcxproj" (Build target(s)).

Build succeeded.

Time Elapsed 00:00:02.66
