C:\USERS\PAPAFLORIN\DESKTOP\TEMA4_EGC_PAPA_FLORIN_334CA\DEBUG\MAIN.OBJ
C:\USERS\PAPAFLORIN\DESKTOP\TEMA4_EGC_PAPA_FLORIN_334CA\DEBUG\VC110.PDB
C:\USERS\PAPAFLORIN\DESKTOP\TEMA4_EGC_PAPA_FLORIN_334CA\DEBUG\TEMA4_EGC.ILK
C:\USERS\PAPAFLORIN\DESKTOP\TEMA4_EGC_PAPA_FLORIN_334CA\DEBUG\TEMA4_EGC.EXE
C:\USERS\PAPAFLORIN\DESKTOP\TEMA4_EGC_PAPA_FLORIN_334CA\DEBUG\TEMA4_EGC.PDB
C:\Users\papaflorin\Desktop\tema4_EGC_Papa_Florin_334CA\Debug\main.obj
C:\Users\papaflorin\Desktop\tema4_EGC_Papa_Florin_334CA\Debug\tema4_EGC.ilk
C:\Users\papaflorin\Desktop\tema4_EGC_Papa_Florin_334CA\Debug\cl.command.1.tlog
C:\Users\papaflorin\Desktop\tema4_EGC_Papa_Florin_334CA\Debug\CL.read.1.tlog
C:\Users\papaflorin\Desktop\tema4_EGC_Papa_Florin_334CA\Debug\CL.write.1.tlog
C:\Users\papaflorin\Desktop\tema4_EGC_Papa_Florin_334CA\Debug\link-cvtres.read.1.tlog
C:\Users\papaflorin\Desktop\tema4_EGC_Papa_Florin_334CA\Debug\link-cvtres.write.1.tlog
C:\Users\papaflorin\Desktop\tema4_EGC_Papa_Florin_334CA\Debug\link-rc.read.1.tlog
C:\Users\papaflorin\Desktop\tema4_EGC_Papa_Florin_334CA\Debug\link-rc.write.1.tlog
C:\Users\papaflorin\Desktop\tema4_EGC_Papa_Florin_334CA\Debug\link.command.1.tlog
C:\Users\papaflorin\Desktop\tema4_EGC_Papa_Florin_334CA\Debug\link.read.1.tlog
C:\Users\papaflorin\Desktop\tema4_EGC_Papa_Florin_334CA\Debug\link.write.1.tlog
C:\Users\papaflorin\Desktop\tema4_EGC_Papa_Florin_334CA\Debug\vc110.idb
C:\Users\papaflorin\Desktop\tema4_EGC_Papa_Florin_334CA\Debug\tema4_EGC.pdb
C:\Users\papaflorin\Desktop\tema4_EGC_Papa_Florin_334CA\Debug\vc110.pdb
C:\Users\papaflorin\Desktop\tema4_EGC_Papa_Florin_334CA\Debug\tema4_EGC.exe
